<?xml version="1.0" encoding="UTF-8" ?>
<testsuite errors="1" failures="0" name="org.eclipse.emf.compare.tests.suite.AllTests" tests="1" time="0.0">
  <properties>
    <property name="java.runtime.name" value="Java(TM) SE Runtime Environment"></property>
    <property name="sun.boot.library.path" value="C:\Program Files\Java\jdk1.6.0\jre\bin"></property>
    <property name="java.vm.version" value="1.6.0-b105"></property>
    <property name="ant.library.dir" value="D:\dev\programs\eclipse\3.2.2\eclipse\plugins\org.apache.ant_1.6.5\lib"></property>
    <property name="ant.version" value="Apache Ant version 1.6.5 compiled on June 2 2005"></property>
    <property name="ant.java.version" value="1.5"></property>
    <property name="java.vm.vendor" value="Sun Microsystems Inc."></property>
    <property name="java.vendor.url" value="http://java.sun.com/"></property>
    <property name="path.separator" value=";"></property>
    <property name="java.vm.name" value="Java HotSpot(TM) Client VM"></property>
    <property name="file.encoding.pkg" value="sun.io"></property>
    <property name="user.country" value="FR"></property>
    <property name="sun.java.launcher" value="SUN_STANDARD"></property>
    <property name="sun.os.patch.level" value="Service Pack 2"></property>
    <property name="java.vm.specification.name" value="Java Virtual Machine Specification"></property>
    <property name="user.dir" value="D:\dev\workspaces\EMFCompare\org.eclipse.emf.compare.tests"></property>
    <property name="java.runtime.version" value="1.6.0-b105"></property>
    <property name="java.awt.graphicsenv" value="sun.awt.Win32GraphicsEnvironment"></property>
    <property name="eclipse.pdebuild.scripts" value="/D:/dev/programs/eclipse/3.2.2/eclipse/plugins/org.eclipse.pde.build_3.2.1.r321_v20060823/scripts/"></property>
    <property name="basedir" value="D:\dev\workspaces\EMFCompare\org.eclipse.emf.compare.tests"></property>
    <property name="java.endorsed.dirs" value="C:\Program Files\Java\jdk1.6.0\jre\lib\endorsed"></property>
    <property name="os.arch" value="x86"></property>
    <property name="java.io.tmpdir" value="C:\DOCUME~1\lgoubet\LOCALS~1\Temp\"></property>
    <property name="line.separator" value="
"></property>
    <property name="java.vm.specification.vendor" value="Sun Microsystems Inc."></property>
    <property name="user.variant" value=""></property>
    <property name="test.class.name" value="org.eclipse.emf.compare.tests.suite.AllTests"></property>
    <property name="os.name" value="Windows XP"></property>
    <property name="ant.home" value="D:\dev\programs\eclipse\3.2.2\eclipse\plugins\org.apache.ant_1.6.5"></property>
    <property name="eclipse.pdebuild.templates" value="/D:/dev/programs/eclipse/3.2.2/eclipse/plugins/org.eclipse.pde.build_3.2.1.r321_v20060823/templates/"></property>
    <property name="ant.project.name" value="org.eclipse.emf.compare.tests"></property>
    <property name="sun.jnu.encoding" value="Cp1252"></property>
    <property name="java.library.path" value="C:\Program Files\Java\jdk1.6.0\jre\bin;.;C:\WINDOWS\Sun\Java\bin;C:\WINDOWS\system32;C:\WINDOWS;C:\WINDOWS\system32;C:\WINDOWS;C:\WINDOWS\System32\Wbem;C:\Program Files\Fichiers communs\GTK\2.0\bin;C:\Sun\AppServer\bin;;C:\PROGRA~1\FICHIE~1\MUVEET~1\030625"></property>
    <property name="eclipse.pdebuild.home" value="/D:/dev/programs/eclipse/3.2.2/eclipse/plugins/org.eclipse.pde.build_3.2.1.r321_v20060823/./"></property>
    <property name="java.specification.name" value="Java Platform API Specification"></property>
    <property name="java.class.version" value="50.0"></property>
    <property name="sun.management.compiler" value="HotSpot Client Compiler"></property>
    <property name="os.version" value="5.1"></property>
    <property name="ant.file" value="D:\dev\workspaces\EMFCompare\org.eclipse.emf.compare.tests\build.xml"></property>
    <property name="ant.file.org.eclipse.emf.compare.tests" value="D:\dev\workspaces\EMFCompare\org.eclipse.emf.compare.tests\build.xml"></property>
    <property name="user.home" value="C:\Documents and Settings\lgoubet"></property>
    <property name="user.timezone" value=""></property>
    <property name="java.awt.printerjob" value="sun.awt.windows.WPrinterJob"></property>
    <property name="java.specification.version" value="1.6"></property>
    <property name="file.encoding" value="Cp1252"></property>
    <property name="user.name" value="lgoubet"></property>
    <property name="java.class.path" value="D:\dev\programs\eclipse\3.2.2\eclipse\plugins\org.junit_3.8.1\junit.jar;D:\dev\programs\eclipse\3.2.2\eclipse\plugins\org.apache.ant_1.6.5\lib\ant-launcher.jar;D:\dev\programs\eclipse\3.2.2\eclipse\plugins\org.apache.ant_1.6.5\lib\ant.jar;D:\dev\programs\eclipse\3.2.2\eclipse\plugins\org.apache.ant_1.6.5\lib\ant-junit.jar"></property>
    <property name="java.vm.specification.version" value="1.0"></property>
    <property name="sun.arch.data.model" value="32"></property>
    <property name="java.home" value="C:\Program Files\Java\jdk1.6.0\jre"></property>
    <property name="java.specification.vendor" value="Sun Microsystems Inc."></property>
    <property name="user.language" value="fr"></property>
    <property name="awt.toolkit" value="sun.awt.windows.WToolkit"></property>
    <property name="java.vm.info" value="mixed mode, sharing"></property>
    <property name="java.version" value="1.6.0"></property>
    <property name="java.ext.dirs" value="C:\Program Files\Java\jdk1.6.0\jre\lib\ext;C:\WINDOWS\Sun\Java\lib\ext"></property>
    <property name="sun.boot.class.path" value="C:\Program Files\Java\jdk1.6.0\jre\lib\resources.jar;C:\Program Files\Java\jdk1.6.0\jre\lib\rt.jar;C:\Program Files\Java\jdk1.6.0\jre\lib\sunrsasign.jar;C:\Program Files\Java\jdk1.6.0\jre\lib\jsse.jar;C:\Program Files\Java\jdk1.6.0\jre\lib\jce.jar;C:\Program Files\Java\jdk1.6.0\jre\lib\charsets.jar;C:\Program Files\Java\jdk1.6.0\jre\classes"></property>
    <property name="java.vendor" value="Sun Microsystems Inc."></property>
    <property name="file.separator" value="\"></property>
    <property name="java.vendor.url.bug" value="http://java.sun.com/cgi-bin/bugreport.cgi"></property>
    <property name="sun.io.unicode.encoding" value="UnicodeLittle"></property>
    <property name="sun.cpu.endian" value="little"></property>
    <property name="sun.desktop" value="windows"></property>
    <property name="sun.cpu.isalist" value="pentium_pro+mmx pentium_pro pentium+mmx pentium i486 i386 i86"></property>
  </properties>
  <error message="org.eclipse.emf.compare.tests.suite.AllTests" type="java.lang.ClassNotFoundException">java.lang.ClassNotFoundException: org.eclipse.emf.compare.tests.suite.AllTests
	at java.net.URLClassLoader$1.run(URLClassLoader.java:200)
	at java.security.AccessController.doPrivileged(Native Method)
	at java.net.URLClassLoader.findClass(URLClassLoader.java:188)
	at java.lang.ClassLoader.loadClass(ClassLoader.java:306)
	at sun.misc.Launcher$AppClassLoader.loadClass(Launcher.java:276)
	at java.lang.ClassLoader.loadClass(ClassLoader.java:251)
	at java.lang.ClassLoader.loadClassInternal(ClassLoader.java:319)
	at java.lang.Class.forName0(Native Method)
	at java.lang.Class.forName(Class.java:169)
</error>
  <system-out><![CDATA[]]></system-out>
  <system-err><![CDATA[]]></system-err>
</testsuite>
